PLINK v2.0.0-a.6.20LM AVX2 Intel (7 Jul 2025)
Options in effect:
  --bfile /home/suraju/projects/data/freeze4_19_match
  --chr chr19
  --from-bp 54000000
  --make-bed
  --out freeze4_19/tmp/freeze4_19_match
  --silent
  --to-bp 55000000

Hostname: numetalhead
Working directory: /home/suraju/projects/PONG2
Start time: Thu Apr  9 02:17:30 2026

Random number seed: 1775701050
1547800 MiB RAM detected, ~701015 available; reserving 700951 MiB for main
workspace.
Using up to 96 threads (change this with --threads).
2757 samples (0 females, 0 males, 2757 ambiguous; 2757 founders) loaded from
/home/suraju/projects/data/freeze4_19_match.fam.
980667 variants loaded from /home/suraju/projects/data/freeze4_19_match.bim.
Note: No phenotype data present.
19523 variants remaining after main filters.
Writing freeze4_19/tmp/freeze4_19_match.fam ... done.
Writing freeze4_19/tmp/freeze4_19_match.bim ... done.
Writing freeze4_19/tmp/freeze4_19_match.bed ... done.

End time: Thu Apr  9 02:17:31 2026
