PLINK v2.0.0-a.6.20LM AVX2 Intel (7 Jul 2025)
Options in effect:
  --bfile freeze4_19/tmp/freeze4_19_match
  --exclude freeze4_19/tmp/freeze4_19_match.snp_dup.txt
  --make-bed
  --out freeze4_19/tmp/freeze4_19_match.nodup
  --silent

Hostname: numetalhead
Working directory: /home/suraju/projects/PONG2
Start time: Thu Mar 26 18:47:44 2026

Random number seed: 1774550864
1547800 MiB RAM detected, ~705505 available; reserving 705441 MiB for main
workspace.
Using up to 96 threads (change this with --threads).
2757 samples (0 females, 0 males, 2757 ambiguous; 2757 founders) loaded from
freeze4_19/tmp/freeze4_19_match.fam.
19523 variants loaded from freeze4_19/tmp/freeze4_19_match.bim.
Note: No phenotype data present.
--exclude: 19254 variants remaining.
19254 variants remaining after main filters.
Writing freeze4_19/tmp/freeze4_19_match.nodup.fam ... done.
Writing freeze4_19/tmp/freeze4_19_match.nodup.bim ... done.
Writing freeze4_19/tmp/freeze4_19_match.nodup.bed ... done.

End time: Thu Mar 26 18:47:44 2026
